<?xml version="1.0" encoding="UTF-8" ?>
<testsuite tests="1" failures="0" name="ToolsQA.AppTest" time="0.005" errors="0" skipped="0">
  <properties>
    <property name="java.runtime.name" value="Java(TM) SE Runtime Environment"/>
    <property name="sun.boot.library.path" value="C:\JDK\jdk1.8.0_73\jre\bin"/>
    <property name="java.vm.version" value="25.73-b02"/>
    <property name="java.vm.vendor" value="Oracle Corporation"/>
    <property name="maven.multiModuleProjectDirectory" value="C:\Users\Dhananjay\Downloads\MVEN\DemoMavenProject"/>
    <property name="java.vendor.url" value="http://java.oracle.com/"/>
    <property name="path.separator" value=";"/>
    <property name="guice.disable.misplaced.annotation.check" value="true"/>
    <property name="java.vm.name" value="Java HotSpot(TM) 64-Bit Server VM"/>
    <property name="file.encoding.pkg" value="sun.io"/>
    <property name="user.script" value=""/>
    <property name="user.country" value="US"/>
    <property name="sun.java.launcher" value="SUN_STANDARD"/>
    <property name="sun.os.patch.level" value=""/>
    <property name="java.vm.specification.name" value="Java Virtual Machine Specification"/>
    <property name="user.dir" value="C:\Users\Dhananjay\Downloads\MVEN\DemoMavenProject"/>
    <property name="java.runtime.version" value="1.8.0_73-b02"/>
    <property name="java.awt.graphicsenv" value="sun.awt.Win32GraphicsEnvironment"/>
    <property name="java.endorsed.dirs" value="C:\JDK\jdk1.8.0_73\jre\lib\endorsed"/>
    <property name="os.arch" value="amd64"/>
    <property name="java.io.tmpdir" value="C:\Users\DHANAN~1\AppData\Local\Temp\"/>
    <property name="line.separator" value="
"/>
    <property name="java.vm.specification.vendor" value="Oracle Corporation"/>
    <property name="user.variant" value=""/>
    <property name="os.name" value="Windows 10"/>
    <property name="classworlds.conf" value="G:\CSoftwares\apache-maven-3.3.9-bin\apache-maven-3.3.9\bin\..\bin\m2.conf"/>
    <property name="sun.jnu.encoding" value="Cp1252"/>
    <property name="java.library.path" value="C:\JDK\jdk1.8.0_73\bin;C:\Windows\Sun\Java\bin;C:\Windows\system32;C:\Windows;G:\app\Dhananjay\product\12.1.0\dbhome_2\bin;C:\gradle-4.10.3\bin;C:\JDK\jdk1.8.0_73;C:\ProgramData\Oracle\Java\javapath;C:\Windows\system32;C:\Windows;C:\Windows\System32\Wbem;C:\Windows\System32\WindowsPowerShell\v1.0\;C:\Windows\System32\OpenSSH\;C:\Program Files (x86)\Bitvise SSH Client;C:\puppet\bin;C:\Program Files\Git\bin;C:\instantclient10_2;C:\Users\Dhananjay\AppData\Local\Temp;G:\CSoftwares\apache-maven-3.3.9-bin\apache-maven-3.3.9\bin;C:\JDK\jdk1.8.0_73\bin;C:\Program Files\nodejs\;C:\POS\IBMJPOS\Lib;C:\POS\bin;C:\POS\dll;C:\Program Files\TortoiseGit\bin;C:\Program Files\Amazon\AWSCLI\bin\;C:\Program Files\PuTTY\;C:\JDK\jdk1.8.0_73;C:\POS\\IBMJRE\jre\bin;C:\POS\IBMJPOS\Lib;C:\POS\bin;&quot;c:\pos\ibmjpos;&quot;;C:\POS\dll;C:\Users\Dhananjay\AppData\Local\Microsoft\WindowsApps;C:\Users\Dhananjay\Documents\WindowsPowerShell\Scripts;C:\Users\Dhananjay\AppData\Roaming\npm;C:\Users\Dhananjay\AppData\Local\Programs\Microsoft VS Code\bin;G:\app\Dhananjay\product\12.1.0\dbhome_2\bin;C:\gradle-4.10.3\bin;C:\JDK\jdk1.8.0_73;C:\ProgramData\Oracle\Java\javapath;C:\Windows\system32;C:\Windows;C:\Windows\System32\Wbem;C:\Windows\System32\WindowsPowerShell\v1.0\;C:\Windows\System32\OpenSSH\;C:\Program Files (x86)\Bitvise SSH Client;C:\puppet\bin;C:\Program Files\Git\bin;C:\instantclient10_2;C:\Users\Dhananjay\AppData\Local\Temp;G:\CSoftwares\apache-maven-3.3.9-bin\apache-maven-3.3.9\bin;C:\JDK\jdk1.8.0_73\bin;C:\Program Files\nodejs\;C:\POS\IBMJPOS\Lib;C:\POS\bin;C:\POS\dll;C:\Program Files\TortoiseGit\bin;C:\Program Files\Amazon\AWSCLI\bin\;C:\Program Files\PuTTY\;C:\gradle-4.10.3\bin;;."/>
    <property name="javax.net.ssl.trustStore" value="C:\Users\Dhananjay/.m2/cacerts"/>
    <property name="java.specification.name" value="Java Platform API Specification"/>
    <property name="java.class.version" value="52.0"/>
    <property name="sun.management.compiler" value="HotSpot 64-Bit Tiered Compilers"/>
    <property name="os.version" value="10.0"/>
    <property name="user.home" value="C:\Users\Dhananjay"/>
    <property name="user.timezone" value="Asia/Calcutta"/>
    <property name="java.awt.printerjob" value="sun.awt.windows.WPrinterJob"/>
    <property name="java.specification.version" value="1.8"/>
    <property name="file.encoding" value="Cp1252"/>
    <property name="user.name" value="Dhananjay"/>
    <property name="java.class.path" value="G:\CSoftwares\apache-maven-3.3.9-bin\apache-maven-3.3.9\bin\..\boot\plexus-classworlds-2.5.2.jar"/>
    <property name="java.vm.specification.version" value="1.8"/>
    <property name="sun.arch.data.model" value="64"/>
    <property name="java.home" value="C:\JDK\jdk1.8.0_73\jre"/>
    <property name="sun.java.command" value="org.codehaus.plexus.classworlds.launcher.Launcher package"/>
    <property name="java.specification.vendor" value="Oracle Corporation"/>
    <property name="user.language" value="en"/>
    <property name="awt.toolkit" value="sun.awt.windows.WToolkit"/>
    <property name="java.vm.info" value="mixed mode"/>
    <property name="java.version" value="1.8.0_73"/>
    <property name="java.ext.dirs" value="C:\JDK\jdk1.8.0_73\jre\lib\ext;C:\Windows\Sun\Java\lib\ext"/>
    <property name="sun.boot.class.path" value="C:\JDK\jdk1.8.0_73\jre\lib\resources.jar;C:\JDK\jdk1.8.0_73\jre\lib\rt.jar;C:\JDK\jdk1.8.0_73\jre\lib\sunrsasign.jar;C:\JDK\jdk1.8.0_73\jre\lib\jsse.jar;C:\JDK\jdk1.8.0_73\jre\lib\jce.jar;C:\JDK\jdk1.8.0_73\jre\lib\charsets.jar;C:\JDK\jdk1.8.0_73\jre\lib\jfr.jar;C:\JDK\jdk1.8.0_73\jre\classes"/>
    <property name="sun.stderr.encoding" value="cp437"/>
    <property name="java.vendor" value="Oracle Corporation"/>
    <property name="maven.home" value="G:\CSoftwares\apache-maven-3.3.9-bin\apache-maven-3.3.9\bin\.."/>
    <property name="file.separator" value="\"/>
    <property name="java.vendor.url.bug" value="http://bugreport.sun.com/bugreport/"/>
    <property name="sun.cpu.endian" value="little"/>
    <property name="sun.io.unicode.encoding" value="UnicodeLittle"/>
    <property name="sun.stdout.encoding" value="cp437"/>
    <property name="sun.desktop" value="windows"/>
    <property name="sun.cpu.isalist" value="amd64"/>
  </properties>
  <testcase classname="ToolsQA.AppTest" name="testApp" time="0.005"/>
</testsuite>